Using pre-set license
Built from '2020.2/release' branch; Version is '2020.2.1f1 (270dd8c3da1c) revision 2559448'; Using compiler version '192528614'; Build Type 'Release'
OS: 'Windows 10  (10.0.0) 64bit' Language: 'en' Physical Memory: 7113 MB
BatchMode: 1, IsHumanControllingUs: 0, StartBugReporterOnCrash: 0, Is64bit: 1, IsPro: 0

 COMMAND LINE ARGUMENTS:
D:\Unity\2020.2.1f1\Editor\Unity.exe
-adb2
-batchMode
-noUpm
-name
AssetImportWorker2
-projectPath
C:/Users/User/Desktop/COMP397/COMP397-Assignment2-part2
-logFile
Logs/AssetImportWorker2.log
-srvPort
59047
Successfully changed project path to: C:/Users/User/Desktop/COMP397/COMP397-Assignment2-part2
C:/Users/User/Desktop/COMP397/COMP397-Assignment2-part2
Using Asset Import Pipeline V2.
Refreshing native plugins compatible for Editor in 58.37 ms, found 0 plugins.
Preloading 0 native plugins for Editor in 0.00 ms.
Initialize engine version: 2020.2.1f1 (270dd8c3da1c)
[Subsystems] Discovering subsystems at path D:/Unity/2020.2.1f1/Editor/Data/Resources/UnitySubsystems
[Subsystems] Discovering subsystems at path C:/Users/User/Desktop/COMP397/COMP397-Assignment2-part2/Assets
GfxDevice: creating device client; threaded=0
Direct3D:
    Version:  Direct3D 11.0 [level 11.1]
    Renderer: AMD Radeon(TM) Vega 3 Mobile Graphics (ID=0x15dd)
    Vendor:   
    VRAM:     3556 MB
    Driver:   24.20.12002.3001
Initialize mono
Mono path[0] = 'D:/Unity/2020.2.1f1/Editor/Data/Managed'
Mono path[1] = 'D:/Unity/2020.2.1f1/Editor/Data/MonoBleedingEdge/lib/mono/unityjit'
Mono config path = 'D:/Unity/2020.2.1f1/Editor/Data/MonoBleedingEdge/etc'
Using monoOptions --debugger-agent=transport=dt_socket,embedding=1,server=y,suspend=n,address=127.0.0.1:56100
Begin MonoManager ReloadAssembly
Registering precompiled unity dll's ...
Register platform support module: D:/Unity/2020.2.1f1/Editor/Data/PlaybackEngines/WebGLSupport/UnityEditor.WebGL.Extensions.dll
Register platform support module: D:/Unity/2020.2.1f1/Editor/Data/PlaybackEngines/WindowsStandaloneSupport/UnityEditor.WindowsStandalone.Extensions.dll
Registered in 0.002249 seconds.
Native extension for WindowsStandalone target not found
Native extension for WebGL target not found
Refreshing native plugins compatible for Editor in 57.59 ms, found 0 plugins.
Preloading 0 native plugins for Editor in 0.00 ms.
Invoked RoslynAnalysisRunner static constructor.
RoslynAnalysisRunner will not be running.
RoslynAnalysisRunner has terminated.
Mono: successfully reloaded assembly
- Completed reload, in  3.456 seconds
Platform modules already initialized, skipping
Registering precompiled user dll's ...
Registered in 0.001671 seconds.
Begin MonoManager ReloadAssembly
Native extension for WindowsStandalone target not found
Native extension for WebGL target not found
Refreshing native plugins compatible for Editor in 1.30 ms, found 0 plugins.
Preloading 0 native plugins for Editor in 0.00 ms.
Invoked RoslynAnalysisRunner static constructor.
RoslynAnalysisRunner will not be running.
RoslynAnalysisRunner has terminated.
Mono: successfully reloaded assembly
- Completed reload, in  1.554 seconds
Platform modules already initialized, skipping
========================================================================
Worker process is ready to serve import requests
Launched and connected shader compiler UnityShaderCompiler.exe after 0.34 seconds
Refreshing native plugins compatible for Editor in 0.67 ms, found 0 plugins.
Preloading 0 native plugins for Editor in 0.00 ms.
Unloading 1184 Unused Serialized files (Serialized files now loaded: 0)
System memory in use before: 63.1 MB.
System memory in use after: 63.1 MB.

Unloading 9 unused Assets to reduce memory usage. Loaded Objects now: 1633.
Total: 2.898900 ms (FindLiveObjects: 0.398800 ms CreateObjectMapping: 0.066600 ms MarkObjects: 2.275100 ms  DeleteObjects: 0.156300 ms)

========================================================================
Received Import Request.
  path: Assets/_Scripts/Pauseable.cs
  artifactKey: Guid(243b2238fe34cad40b2fbdb798d4a818) Importer(815301076,1909f56bfc062723c751e8b465ee728b)
Start importing Assets/_Scripts/Pauseable.cs using Guid(243b2238fe34cad40b2fbdb798d4a818) Importer(815301076,1909f56bfc062723c751e8b465ee728b)  -> (artifact id: '9281e689b365d9c472b933b7b3b5c215') in 0.154739 seconds
  Import took 0.159304 seconds .

========================================================================
Received Import Request.
  Time since last request: 0.000440 seconds.
  path: Assets/_Scripts/PlayerBehaviour.cs
  artifactKey: Guid(afceee71471ed67478d98bcc5eb158e7) Importer(815301076,1909f56bfc062723c751e8b465ee728b)
Start importing Assets/_Scripts/PlayerBehaviour.cs using Guid(afceee71471ed67478d98bcc5eb158e7) Importer(815301076,1909f56bfc062723c751e8b465ee728b)  -> (artifact id: '3f022eabf8c60c1974b85c944222d56c') in 0.046116 seconds
  Import took 0.053886 seconds .

========================================================================
Received Import Request.
  Time since last request: 18.152614 seconds.
  path: Assets/_Scripts/HealthBarWorldSpaceController.cs
  artifactKey: Guid(3a69780068bcb294483ab9c8a8c04995) Importer(815301076,1909f56bfc062723c751e8b465ee728b)
Start importing Assets/_Scripts/HealthBarWorldSpaceController.cs using Guid(3a69780068bcb294483ab9c8a8c04995) Importer(815301076,1909f56bfc062723c751e8b465ee728b)  -> (artifact id: 'd36202ae0eb3e62a017239d1db2088d3') in 0.031061 seconds
  Import took 0.039276 seconds .

========================================================================
Received Import Request.
  Time since last request: 3.887699 seconds.
  path: Assets/_Scripts/GameController.cs
  artifactKey: Guid(bec4a6c0b8eaa4643bb30a185c09eba4) Importer(815301076,1909f56bfc062723c751e8b465ee728b)
Start importing Assets/_Scripts/GameController.cs using Guid(bec4a6c0b8eaa4643bb30a185c09eba4) Importer(815301076,1909f56bfc062723c751e8b465ee728b)  -> (artifact id: '61fff248e2905a68c5db7441525f6186') in 0.031928 seconds
  Import took 0.035094 seconds .

========================================================================
Received Import Request.
  Time since last request: 9.096796 seconds.
  path: Assets/_Scripts/DeathPlaneController.cs
  artifactKey: Guid(b79f135fe47fbe848ac042789c08dbb7) Importer(815301076,1909f56bfc062723c751e8b465ee728b)
Start importing Assets/_Scripts/DeathPlaneController.cs using Guid(b79f135fe47fbe848ac042789c08dbb7) Importer(815301076,1909f56bfc062723c751e8b465ee728b)  -> (artifact id: '43352c0a20f980730c83f3c7a9ab869c') in 0.032271 seconds
  Import took 0.035935 seconds .

========================================================================
Received Import Request.
  Time since last request: 0.691816 seconds.
  path: Assets/_Scripts/ControlPanelScript.cs
  artifactKey: Guid(d35faed38113eaf4db48d96d7e962ce6) Importer(815301076,1909f56bfc062723c751e8b465ee728b)
Start importing Assets/_Scripts/ControlPanelScript.cs using Guid(d35faed38113eaf4db48d96d7e962ce6) Importer(815301076,1909f56bfc062723c751e8b465ee728b)  -> (artifact id: 'bc2137d71653a421673404b60cc25b6b') in 0.025619 seconds
  Import took 0.034060 seconds .

========================================================================
Received Import Request.
  Time since last request: 0.306108 seconds.
  path: Assets/_Scripts/ControlPanelScript.cs
  artifactKey: Guid(d35faed38113eaf4db48d96d7e962ce6) Importer(815301076,1909f56bfc062723c751e8b465ee728b)
Start importing Assets/_Scripts/ControlPanelScript.cs using Guid(d35faed38113eaf4db48d96d7e962ce6) Importer(815301076,1909f56bfc062723c751e8b465ee728b)  -> (artifact id: 'bc2137d71653a421673404b60cc25b6b') in 0.067814 seconds
  Import took 0.073278 seconds .

========================================================================
Received Import Request.
  Time since last request: 4.064089 seconds.
  path: Assets/_Scripts/CameraController.cs
  artifactKey: Guid(c3abe8f9fa194824aba1f233e2dd4954) Importer(815301076,1909f56bfc062723c751e8b465ee728b)
Start importing Assets/_Scripts/CameraController.cs using Guid(c3abe8f9fa194824aba1f233e2dd4954) Importer(815301076,1909f56bfc062723c751e8b465ee728b)  -> (artifact id: 'bd37dc95e0060090bc0a9cf456c5e72c') in 0.031362 seconds
  Import took 0.035536 seconds .

========================================================================
Received Import Request.
  Time since last request: 1.415201 seconds.
  path: Assets/_Scripts/AudioManager.cs
  artifactKey: Guid(7f9fc89c342202f40a3417f3f8205c02) Importer(815301076,1909f56bfc062723c751e8b465ee728b)
Start importing Assets/_Scripts/AudioManager.cs using Guid(7f9fc89c342202f40a3417f3f8205c02) Importer(815301076,1909f56bfc062723c751e8b465ee728b)  -> (artifact id: '7a8a566a0efad450bdfca2a6ecc57eb9') in 0.027098 seconds
  Import took 0.035627 seconds .

========================================================================
Received Import Request.
  Time since last request: 1.543476 seconds.
  path: Assets/_Scripts/HealthBarScreenSpaceController.cs
  artifactKey: Guid(b1de3e42d94964d4195a2228e4495163) Importer(815301076,1909f56bfc062723c751e8b465ee728b)
Start importing Assets/_Scripts/HealthBarScreenSpaceController.cs using Guid(b1de3e42d94964d4195a2228e4495163) Importer(815301076,1909f56bfc062723c751e8b465ee728b)  -> (artifact id: '00dd9801b34dcb6e629e51e6edf83500') in 0.027774 seconds
  Import took 0.031908 seconds .

========================================================================
Received Import Request.
  Time since last request: 107.695466 seconds.
  path: Assets/GameManager.cs
  artifactKey: Guid(01e73d65de74c594f9325de9425a4cc6) Importer(815301076,1909f56bfc062723c751e8b465ee728b)
Start importing Assets/GameManager.cs using Guid(01e73d65de74c594f9325de9425a4cc6) Importer(815301076,1909f56bfc062723c751e8b465ee728b)  -> (artifact id: 'b4b523f9b6b4ddac3f8a8850ac1aac1f') in 0.028129 seconds
  Import took 0.032195 seconds .

========================================================================
Received Import Request.
  Time since last request: 29.639491 seconds.
  path: Assets/GameManager.cs
  artifactKey: Guid(01e73d65de74c594f9325de9425a4cc6) Importer(815301076,1909f56bfc062723c751e8b465ee728b)
Start importing Assets/GameManager.cs using Guid(01e73d65de74c594f9325de9425a4cc6) Importer(815301076,1909f56bfc062723c751e8b465ee728b)  -> (artifact id: 'f2a4b6e347486463b9812dae4dd28256') in 0.021073 seconds
  Import took 0.025986 seconds .

========================================================================
Received Prepare
Registering precompiled user dll's ...
Registered in 0.001994 seconds.
Begin MonoManager ReloadAssembly
Native extension for WindowsStandalone target not found
Native extension for WebGL target not found
Refreshing native plugins compatible for Editor in 0.92 ms, found 0 plugins.
Preloading 0 native plugins for Editor in 0.00 ms.
Invoked RoslynAnalysisRunner static constructor.
RoslynAnalysisRunner will not be running.
RoslynAnalysisRunner has terminated.
Mono: successfully reloaded assembly
- Completed reload, in  2.204 seconds
Platform modules already initialized, skipping
Refreshing native plugins compatible for Editor in 0.72 ms, found 0 plugins.
Preloading 0 native plugins for Editor in 0.00 ms.
Unloading 1164 Unused Serialized files (Serialized files now loaded: 0)
System memory in use before: 62.2 MB.
System memory in use after: 62.3 MB.

Unloading 4 unused Assets to reduce memory usage. Loaded Objects now: 1635.
Total: 3.457000 ms (FindLiveObjects: 0.566000 ms CreateObjectMapping: 0.073700 ms MarkObjects: 2.790000 ms  DeleteObjects: 0.024700 ms)

========================================================================
Received Import Request.
  Time since last request: 254.381159 seconds.
  path: Assets/Sound
  artifactKey: Guid(40b01b01c22960b49be68d13aefcd8e1) Importer(815301076,1909f56bfc062723c751e8b465ee728b)
Start importing Assets/Sound using Guid(40b01b01c22960b49be68d13aefcd8e1) Importer(815301076,1909f56bfc062723c751e8b465ee728b)  -> (artifact id: '4f7072f6a22fd83ab15fdae2b6f1d9c1') in 0.053135 seconds
  Import took 0.058361 seconds .

========================================================================
Received Prepare
Registering precompiled user dll's ...
Registered in 0.002052 seconds.
Begin MonoManager ReloadAssembly
Native extension for WindowsStandalone target not found
Native extension for WebGL target not found
Refreshing native plugins compatible for Editor in 0.40 ms, found 0 plugins.
Preloading 0 native plugins for Editor in 0.00 ms.
Invoked RoslynAnalysisRunner static constructor.
RoslynAnalysisRunner will not be running.
RoslynAnalysisRunner has terminated.
Mono: successfully reloaded assembly
- Completed reload, in  1.981 seconds
Platform modules already initialized, skipping
Refreshing native plugins compatible for Editor in 1.06 ms, found 0 plugins.
Preloading 0 native plugins for Editor in 0.00 ms.
Unloading 1165 Unused Serialized files (Serialized files now loaded: 0)
System memory in use before: 62.8 MB.
System memory in use after: 62.9 MB.

Unloading 4 unused Assets to reduce memory usage. Loaded Objects now: 1637.
Total: 10.098000 ms (FindLiveObjects: 5.442200 ms CreateObjectMapping: 0.237700 ms MarkObjects: 4.317700 ms  DeleteObjects: 0.098200 ms)

========================================================================
Received Prepare
Registering precompiled user dll's ...
Registered in 0.001768 seconds.
Begin MonoManager ReloadAssembly
Native extension for WindowsStandalone target not found
Native extension for WebGL target not found
Refreshing native plugins compatible for Editor in 0.80 ms, found 0 plugins.
Preloading 0 native plugins for Editor in 0.00 ms.
Invoked RoslynAnalysisRunner static constructor.
RoslynAnalysisRunner will not be running.
RoslynAnalysisRunner has terminated.
Mono: successfully reloaded assembly
- Completed reload, in  1.918 seconds
Platform modules already initialized, skipping
Refreshing native plugins compatible for Editor in 1.55 ms, found 0 plugins.
Preloading 0 native plugins for Editor in 0.00 ms.
Unloading 1165 Unused Serialized files (Serialized files now loaded: 0)
System memory in use before: 63.2 MB.
System memory in use after: 63.3 MB.

Unloading 4 unused Assets to reduce memory usage. Loaded Objects now: 1639.
Total: 4.321800 ms (FindLiveObjects: 0.385700 ms CreateObjectMapping: 0.075300 ms MarkObjects: 3.798000 ms  DeleteObjects: 0.058900 ms)

========================================================================
Received Prepare
Registering precompiled user dll's ...
Registered in 0.002456 seconds.
Begin MonoManager ReloadAssembly
Native extension for WindowsStandalone target not found
Native extension for WebGL target not found
Refreshing native plugins compatible for Editor in 0.66 ms, found 0 plugins.
Preloading 0 native plugins for Editor in 0.00 ms.
Invoked RoslynAnalysisRunner static constructor.
RoslynAnalysisRunner will not be running.
RoslynAnalysisRunner has terminated.
Mono: successfully reloaded assembly
- Completed reload, in  1.863 seconds
Platform modules already initialized, skipping
Refreshing native plugins compatible for Editor in 0.65 ms, found 0 plugins.
Preloading 0 native plugins for Editor in 0.00 ms.
Unloading 1165 Unused Serialized files (Serialized files now loaded: 0)
System memory in use before: 62.9 MB.
System memory in use after: 63.0 MB.

Unloading 4 unused Assets to reduce memory usage. Loaded Objects now: 1641.
Total: 3.599400 ms (FindLiveObjects: 0.325000 ms CreateObjectMapping: 0.047600 ms MarkObjects: 3.192400 ms  DeleteObjects: 0.031900 ms)

========================================================================
Received Prepare
Registering precompiled user dll's ...
Registered in 0.001994 seconds.
Begin MonoManager ReloadAssembly
Native extension for WindowsStandalone target not found
Native extension for WebGL target not found
Refreshing native plugins compatible for Editor in 0.56 ms, found 0 plugins.
Preloading 0 native plugins for Editor in 0.00 ms.
Invoked RoslynAnalysisRunner static constructor.
RoslynAnalysisRunner will not be running.
RoslynAnalysisRunner has terminated.
Mono: successfully reloaded assembly
- Completed reload, in  2.074 seconds
Platform modules already initialized, skipping
Refreshing native plugins compatible for Editor in 0.54 ms, found 0 plugins.
Preloading 0 native plugins for Editor in 0.00 ms.
Unloading 1165 Unused Serialized files (Serialized files now loaded: 0)
System memory in use before: 63.2 MB.
System memory in use after: 63.3 MB.

Unloading 4 unused Assets to reduce memory usage. Loaded Objects now: 1643.
Total: 4.448900 ms (FindLiveObjects: 0.415000 ms CreateObjectMapping: 0.090700 ms MarkObjects: 3.912700 ms  DeleteObjects: 0.027400 ms)

========================================================================
Received Prepare
Registering precompiled user dll's ...
Registered in 0.003615 seconds.
Begin MonoManager ReloadAssembly
Native extension for WindowsStandalone target not found
Native extension for WebGL target not found
Refreshing native plugins compatible for Editor in 0.66 ms, found 0 plugins.
Preloading 0 native plugins for Editor in 0.00 ms.
Invoked RoslynAnalysisRunner static constructor.
RoslynAnalysisRunner will not be running.
RoslynAnalysisRunner has terminated.
Mono: successfully reloaded assembly
- Completed reload, in  2.244 seconds
Platform modules already initialized, skipping
Refreshing native plugins compatible for Editor in 0.59 ms, found 0 plugins.
Preloading 0 native plugins for Editor in 0.00 ms.
Unloading 1165 Unused Serialized files (Serialized files now loaded: 0)
System memory in use before: 63.0 MB.
System memory in use after: 63.1 MB.

Unloading 4 unused Assets to reduce memory usage. Loaded Objects now: 1645.
Total: 2.922300 ms (FindLiveObjects: 0.232800 ms CreateObjectMapping: 0.034700 ms MarkObjects: 2.609800 ms  DeleteObjects: 0.042100 ms)

========================================================================
Received Prepare
Registering precompiled user dll's ...
Registered in 0.002172 seconds.
Begin MonoManager ReloadAssembly
Native extension for WindowsStandalone target not found
Native extension for WebGL target not found
Refreshing native plugins compatible for Editor in 0.83 ms, found 0 plugins.
Preloading 0 native plugins for Editor in 0.00 ms.
Invoked RoslynAnalysisRunner static constructor.
RoslynAnalysisRunner will not be running.
RoslynAnalysisRunner has terminated.
Mono: successfully reloaded assembly
- Completed reload, in  1.766 seconds
Platform modules already initialized, skipping
Refreshing native plugins compatible for Editor in 0.59 ms, found 0 plugins.
Preloading 0 native plugins for Editor in 0.00 ms.
Unloading 1165 Unused Serialized files (Serialized files now loaded: 0)
System memory in use before: 63.3 MB.
System memory in use after: 63.4 MB.

Unloading 4 unused Assets to reduce memory usage. Loaded Objects now: 1647.
Total: 5.490500 ms (FindLiveObjects: 0.790700 ms CreateObjectMapping: 0.061200 ms MarkObjects: 4.586500 ms  DeleteObjects: 0.045800 ms)

========================================================================
Received Prepare
Registering precompiled user dll's ...
Registered in 0.002598 seconds.
Begin MonoManager ReloadAssembly
Native extension for WindowsStandalone target not found
Native extension for WebGL target not found
Refreshing native plugins compatible for Editor in 0.45 ms, found 0 plugins.
Preloading 0 native plugins for Editor in 0.00 ms.
Invoked RoslynAnalysisRunner static constructor.
RoslynAnalysisRunner will not be running.
RoslynAnalysisRunner has terminated.
Mono: successfully reloaded assembly
- Completed reload, in  1.869 seconds
Platform modules already initialized, skipping
Refreshing native plugins compatible for Editor in 0.57 ms, found 0 plugins.
Preloading 0 native plugins for Editor in 0.00 ms.
Unloading 1165 Unused Serialized files (Serialized files now loaded: 0)
System memory in use before: 63.1 MB.
System memory in use after: 63.2 MB.

Unloading 4 unused Assets to reduce memory usage. Loaded Objects now: 1649.
Total: 4.320100 ms (FindLiveObjects: 0.298600 ms CreateObjectMapping: 0.061800 ms MarkObjects: 3.916500 ms  DeleteObjects: 0.040200 ms)

========================================================================
Received Prepare
Registering precompiled user dll's ...
Registered in 0.001770 seconds.
Begin MonoManager ReloadAssembly
Native extension for WindowsStandalone target not found
Native extension for WebGL target not found
Refreshing native plugins compatible for Editor in 0.67 ms, found 0 plugins.
Preloading 0 native plugins for Editor in 0.00 ms.
Invoked RoslynAnalysisRunner static constructor.
RoslynAnalysisRunner will not be running.
RoslynAnalysisRunner has terminated.
Mono: successfully reloaded assembly
- Completed reload, in  2.168 seconds
Platform modules already initialized, skipping
Refreshing native plugins compatible for Editor in 0.40 ms, found 0 plugins.
Preloading 0 native plugins for Editor in 0.00 ms.
Unloading 1165 Unused Serialized files (Serialized files now loaded: 0)
System memory in use before: 63.3 MB.
System memory in use after: 63.4 MB.

Unloading 4 unused Assets to reduce memory usage. Loaded Objects now: 1651.
Total: 4.391600 ms (FindLiveObjects: 0.318700 ms CreateObjectMapping: 0.055700 ms MarkObjects: 3.981900 ms  DeleteObjects: 0.032800 ms)

========================================================================
Received Prepare
Registering precompiled user dll's ...
Registered in 0.002729 seconds.
Begin MonoManager ReloadAssembly
Native extension for WindowsStandalone target not found
Native extension for WebGL target not found
Refreshing native plugins compatible for Editor in 0.52 ms, found 0 plugins.
Preloading 0 native plugins for Editor in 0.00 ms.
Invoked RoslynAnalysisRunner static constructor.
RoslynAnalysisRunner will not be running.
RoslynAnalysisRunner has terminated.
Mono: successfully reloaded assembly
- Completed reload, in  2.018 seconds
Platform modules already initialized, skipping
Refreshing native plugins compatible for Editor in 1.20 ms, found 0 plugins.
Preloading 0 native plugins for Editor in 0.00 ms.
Unloading 1165 Unused Serialized files (Serialized files now loaded: 0)
System memory in use before: 63.1 MB.
System memory in use after: 63.2 MB.

Unloading 4 unused Assets to reduce memory usage. Loaded Objects now: 1653.
Total: 3.674200 ms (FindLiveObjects: 0.269800 ms CreateObjectMapping: 0.053900 ms MarkObjects: 3.323200 ms  DeleteObjects: 0.025600 ms)

========================================================================
Received Prepare
Registering precompiled user dll's ...
Registered in 0.002055 seconds.
Begin MonoManager ReloadAssembly
Native extension for WindowsStandalone target not found
Native extension for WebGL target not found
Refreshing native plugins compatible for Editor in 0.62 ms, found 0 plugins.
Preloading 0 native plugins for Editor in 0.00 ms.
Invoked RoslynAnalysisRunner static constructor.
RoslynAnalysisRunner will not be running.
RoslynAnalysisRunner has terminated.
Mono: successfully reloaded assembly
- Completed reload, in  1.816 seconds
Platform modules already initialized, skipping
Refreshing native plugins compatible for Editor in 0.42 ms, found 0 plugins.
Preloading 0 native plugins for Editor in 0.00 ms.
Unloading 1165 Unused Serialized files (Serialized files now loaded: 0)
System memory in use before: 63.3 MB.
System memory in use after: 63.4 MB.

Unloading 4 unused Assets to reduce memory usage. Loaded Objects now: 1655.
Total: 5.538500 ms (FindLiveObjects: 0.609300 ms CreateObjectMapping: 0.085300 ms MarkObjects: 4.779100 ms  DeleteObjects: 0.060300 ms)

========================================================================
Received Prepare
Registering precompiled user dll's ...
Registered in 0.001958 seconds.
Begin MonoManager ReloadAssembly
Native extension for WindowsStandalone target not found
Native extension for WebGL target not found
Refreshing native plugins compatible for Editor in 0.84 ms, found 0 plugins.
Preloading 0 native plugins for Editor in 0.00 ms.
Invoked RoslynAnalysisRunner static constructor.
RoslynAnalysisRunner will not be running.
RoslynAnalysisRunner has terminated.
Mono: successfully reloaded assembly
- Completed reload, in  1.895 seconds
Platform modules already initialized, skipping
Refreshing native plugins compatible for Editor in 0.67 ms, found 0 plugins.
Preloading 0 native plugins for Editor in 0.00 ms.
Unloading 1165 Unused Serialized files (Serialized files now loaded: 0)
System memory in use before: 63.2 MB.
System memory in use after: 63.3 MB.

Unloading 4 unused Assets to reduce memory usage. Loaded Objects now: 1657.
Total: 3.819800 ms (FindLiveObjects: 0.336400 ms CreateObjectMapping: 0.067000 ms MarkObjects: 3.365100 ms  DeleteObjects: 0.047400 ms)

========================================================================
Received Prepare
Registering precompiled user dll's ...
Registered in 0.001544 seconds.
Begin MonoManager ReloadAssembly
Native extension for WindowsStandalone target not found
Native extension for WebGL target not found
Refreshing native plugins compatible for Editor in 0.58 ms, found 0 plugins.
Preloading 0 native plugins for Editor in 0.00 ms.
Invoked RoslynAnalysisRunner static constructor.
RoslynAnalysisRunner will not be running.
RoslynAnalysisRunner has terminated.
Mono: successfully reloaded assembly
- Completed reload, in  1.830 seconds
Platform modules already initialized, skipping
Refreshing native plugins compatible for Editor in 0.62 ms, found 0 plugins.
Preloading 0 native plugins for Editor in 0.00 ms.
Unloading 1165 Unused Serialized files (Serialized files now loaded: 0)
System memory in use before: 63.3 MB.
System memory in use after: 63.4 MB.

Unloading 4 unused Assets to reduce memory usage. Loaded Objects now: 1659.
Total: 2.948200 ms (FindLiveObjects: 0.261500 ms CreateObjectMapping: 0.047300 ms MarkObjects: 2.608000 ms  DeleteObjects: 0.028600 ms)

========================================================================
Received Prepare
Registering precompiled user dll's ...
Registered in 0.001360 seconds.
Begin MonoManager ReloadAssembly
Native extension for WindowsStandalone target not found
Native extension for WebGL target not found
Refreshing native plugins compatible for Editor in 0.53 ms, found 0 plugins.
Preloading 0 native plugins for Editor in 0.00 ms.
Invoked RoslynAnalysisRunner static constructor.
RoslynAnalysisRunner will not be running.
RoslynAnalysisRunner has terminated.
Mono: successfully reloaded assembly
- Completed reload, in  1.699 seconds
Platform modules already initialized, skipping
Refreshing native plugins compatible for Editor in 0.44 ms, found 0 plugins.
Preloading 0 native plugins for Editor in 0.00 ms.
Unloading 1165 Unused Serialized files (Serialized files now loaded: 0)
System memory in use before: 63.3 MB.
System memory in use after: 63.4 MB.

Unloading 4 unused Assets to reduce memory usage. Loaded Objects now: 1661.
Total: 2.906300 ms (FindLiveObjects: 0.335700 ms CreateObjectMapping: 0.347500 ms MarkObjects: 2.197500 ms  DeleteObjects: 0.023600 ms)

========================================================================
Received Import Request.
  Time since last request: 1808.965985 seconds.
  path: Assets/Textures/trophy.png
  artifactKey: Guid(f7f955862af84d34c950785f12c3e5c9) Importer(815301076,1909f56bfc062723c751e8b465ee728b)
Start importing Assets/Textures/trophy.png using Guid(f7f955862af84d34c950785f12c3e5c9) Importer(815301076,1909f56bfc062723c751e8b465ee728b)  -> (artifact id: 'cd53fb782d73cd7123ae337db62a8251') in 0.209064 seconds
  Import took 0.212867 seconds .

========================================================================
Received Import Request.
  Time since last request: 7.286371 seconds.
  path: Assets/Textures/trophy.png
  artifactKey: Guid(f7f955862af84d34c950785f12c3e5c9) Importer(815301076,1909f56bfc062723c751e8b465ee728b)
Start importing Assets/Textures/trophy.png using Guid(f7f955862af84d34c950785f12c3e5c9) Importer(815301076,1909f56bfc062723c751e8b465ee728b)  -> (artifact id: 'dfce62610f066e07ed6c6d0b163a024d') in 0.334023 seconds
  Import took 0.342660 seconds .

========================================================================
Received Import Request.
  Time since last request: 76.359248 seconds.
  path: Assets/Textures/trophy.png
  artifactKey: Guid(f7f955862af84d34c950785f12c3e5c9) Importer(815301076,1909f56bfc062723c751e8b465ee728b)
Start importing Assets/Textures/trophy.png using Guid(f7f955862af84d34c950785f12c3e5c9) Importer(815301076,1909f56bfc062723c751e8b465ee728b)  -> (artifact id: '22a3db03648cf7527aac794e4002f4ce') in 0.047701 seconds
  Import took 0.051771 seconds .

========================================================================
Received Import Request.
  Time since last request: 6.500547 seconds.
  path: Assets/Textures/trophy.png
  artifactKey: Guid(f7f955862af84d34c950785f12c3e5c9) Importer(815301076,1909f56bfc062723c751e8b465ee728b)
Start importing Assets/Textures/trophy.png using Guid(f7f955862af84d34c950785f12c3e5c9) Importer(815301076,1909f56bfc062723c751e8b465ee728b)  -> (artifact id: 'a72a807eeb84ff994a7f2ed92b11e8c9') in 0.067942 seconds
  Import took 0.072561 seconds .

========================================================================
Received Import Request.
  Time since last request: 0.106895 seconds.
  path: Assets/Textures/trophy.png
  artifactKey: Guid(f7f955862af84d34c950785f12c3e5c9) Importer(815301076,1909f56bfc062723c751e8b465ee728b)
Start importing Assets/Textures/trophy.png using Guid(f7f955862af84d34c950785f12c3e5c9) Importer(815301076,1909f56bfc062723c751e8b465ee728b)  -> (artifact id: 'a72a807eeb84ff994a7f2ed92b11e8c9') in 0.038030 seconds
  Import took 0.044845 seconds .

========================================================================
Received Import Request.
  Time since last request: 181.913617 seconds.
  path: Assets/Textures/trophy.png
  artifactKey: Guid(f7f955862af84d34c950785f12c3e5c9) Importer(815301076,1909f56bfc062723c751e8b465ee728b)
Start importing Assets/Textures/trophy.png using Guid(f7f955862af84d34c950785f12c3e5c9) Importer(815301076,1909f56bfc062723c751e8b465ee728b)  -> (artifact id: '0611996cbde5f417921bbfaec92e6e3e') in 0.081220 seconds
  Import took 0.086474 seconds .

========================================================================
Received Import Request.
  Time since last request: 20.252902 seconds.
  path: Assets/Textures/trophy.png
  artifactKey: Guid(f7f955862af84d34c950785f12c3e5c9) Importer(815301076,1909f56bfc062723c751e8b465ee728b)
Start importing Assets/Textures/trophy.png using Guid(f7f955862af84d34c950785f12c3e5c9) Importer(815301076,1909f56bfc062723c751e8b465ee728b)  -> (artifact id: '5de81ea9251dafc80efda4fb28cdfdd7') in 0.056307 seconds
  Import took 0.060902 seconds .

========================================================================
Received Import Request.
  Time since last request: 89.677342 seconds.
  path: Assets/Textures/trophy.png
  artifactKey: Guid(f7f955862af84d34c950785f12c3e5c9) Importer(815301076,1909f56bfc062723c751e8b465ee728b)
Start importing Assets/Textures/trophy.png using Guid(f7f955862af84d34c950785f12c3e5c9) Importer(815301076,1909f56bfc062723c751e8b465ee728b)  -> (artifact id: '680e60fab9d829e129e1c8df753f6f44') in 0.040691 seconds
  Import took 0.044606 seconds .

========================================================================
Received Import Request.
  Time since last request: 7.766919 seconds.
  path: Assets/Textures/trophy.png
  artifactKey: Guid(f7f955862af84d34c950785f12c3e5c9) Importer(815301076,1909f56bfc062723c751e8b465ee728b)
Start importing Assets/Textures/trophy.png using Guid(f7f955862af84d34c950785f12c3e5c9) Importer(815301076,1909f56bfc062723c751e8b465ee728b)  -> (artifact id: '821cf439181995bc23a8b1fc72a0cfa6') in 0.046641 seconds
  Import took 0.049677 seconds .

========================================================================
Received Import Request.
  Time since last request: 202.637803 seconds.
  path: Assets/Textures/trophy 1.png
  artifactKey: Guid(c98a27e70e16daf4e8436a81f113cadf) Importer(815301076,1909f56bfc062723c751e8b465ee728b)
Start importing Assets/Textures/trophy 1.png using Guid(c98a27e70e16daf4e8436a81f113cadf) Importer(815301076,1909f56bfc062723c751e8b465ee728b)  -> (artifact id: '953ebe4ed7d27ab20f23c0d7760e5f06') in 0.118684 seconds
  Import took 0.134108 seconds .

========================================================================
Received Import Request.
  Time since last request: 12.450728 seconds.
  path: Assets/Textures/trophy.png
  artifactKey: Guid(c98a27e70e16daf4e8436a81f113cadf) Importer(815301076,1909f56bfc062723c751e8b465ee728b)
Start importing Assets/Textures/trophy.png using Guid(c98a27e70e16daf4e8436a81f113cadf) Importer(815301076,1909f56bfc062723c751e8b465ee728b)  -> (artifact id: '3d35a0cf98e108880ec68a53e67c3c9f') in 0.074324 seconds
  Import took 0.079068 seconds .

========================================================================
Received Import Request.
  Time since last request: 5.007421 seconds.
  path: Assets/Textures/trophy.png
  artifactKey: Guid(c98a27e70e16daf4e8436a81f113cadf) Importer(815301076,1909f56bfc062723c751e8b465ee728b)
Start importing Assets/Textures/trophy.png using Guid(c98a27e70e16daf4e8436a81f113cadf) Importer(815301076,1909f56bfc062723c751e8b465ee728b)  -> (artifact id: '5cd054ed9b2beec3c8da0e310b0636e2') in 0.069293 seconds
  Import took 0.074116 seconds .

========================================================================
Received Import Request.
  Time since last request: 0.096045 seconds.
  path: Assets/Textures/trophy.png
  artifactKey: Guid(c98a27e70e16daf4e8436a81f113cadf) Importer(815301076,1909f56bfc062723c751e8b465ee728b)
Start importing Assets/Textures/trophy.png using Guid(c98a27e70e16daf4e8436a81f113cadf) Importer(815301076,1909f56bfc062723c751e8b465ee728b)  -> (artifact id: '5cd054ed9b2beec3c8da0e310b0636e2') in 0.070965 seconds
  Import took 0.075302 seconds .

========================================================================
Received Import Request.
  Time since last request: 63.869604 seconds.
  path: Assets/_Scripts/PlayerBehaviour.cs
  artifactKey: Guid(afceee71471ed67478d98bcc5eb158e7) Importer(815301076,1909f56bfc062723c751e8b465ee728b)
Start importing Assets/_Scripts/PlayerBehaviour.cs using Guid(afceee71471ed67478d98bcc5eb158e7) Importer(815301076,1909f56bfc062723c751e8b465ee728b)  -> (artifact id: '962bb23d28a733f87229d18673fa46f0') in 0.011590 seconds
  Import took 0.015186 seconds .

========================================================================
Received Import Request.
  Time since last request: 0.007791 seconds.
  path: Assets/_Scripts/PlayerBehaviour.cs
  artifactKey: Guid(afceee71471ed67478d98bcc5eb158e7) Importer(815301076,1909f56bfc062723c751e8b465ee728b)
Start importing Assets/_Scripts/PlayerBehaviour.cs using Guid(afceee71471ed67478d98bcc5eb158e7) Importer(815301076,1909f56bfc062723c751e8b465ee728b)  -> (artifact id: '962bb23d28a733f87229d18673fa46f0') in 0.010923 seconds
  Import took 0.015286 seconds .

========================================================================
Received Prepare
Registering precompiled user dll's ...
Registered in 0.003503 seconds.
Begin MonoManager ReloadAssembly
Native extension for WindowsStandalone target not found
Native extension for WebGL target not found
Refreshing native plugins compatible for Editor in 0.59 ms, found 0 plugins.
Preloading 0 native plugins for Editor in 0.00 ms.
Invoked RoslynAnalysisRunner static constructor.
RoslynAnalysisRunner will not be running.
RoslynAnalysisRunner has terminated.
Mono: successfully reloaded assembly
- Completed reload, in  2.213 seconds
Platform modules already initialized, skipping
Refreshing native plugins compatible for Editor in 0.42 ms, found 0 plugins.
Preloading 0 native plugins for Editor in 0.00 ms.
Unloading 1165 Unused Serialized files (Serialized files now loaded: 0)
System memory in use before: 65.9 MB.
System memory in use after: 66.0 MB.

Unloading 4 unused Assets to reduce memory usage. Loaded Objects now: 1679.
Total: 4.144100 ms (FindLiveObjects: 0.298200 ms CreateObjectMapping: 0.055700 ms MarkObjects: 3.737400 ms  DeleteObjects: 0.049700 ms)

========================================================================
Received Import Request.
  Time since last request: 91.241719 seconds.
  path: Assets/_Scripts/PlayerBehaviour.cs
  artifactKey: Guid(afceee71471ed67478d98bcc5eb158e7) Importer(815301076,1909f56bfc062723c751e8b465ee728b)
Start importing Assets/_Scripts/PlayerBehaviour.cs using Guid(afceee71471ed67478d98bcc5eb158e7) Importer(815301076,1909f56bfc062723c751e8b465ee728b)  -> (artifact id: '9b43587344196fa8c94f5d31a35b2474') in 0.020060 seconds
  Import took 0.024147 seconds .

========================================================================
Received Import Request.
  Time since last request: 0.004463 seconds.
  path: Assets/_Scripts/PlayerBehaviour.cs
  artifactKey: Guid(afceee71471ed67478d98bcc5eb158e7) Importer(815301076,1909f56bfc062723c751e8b465ee728b)
Start importing Assets/_Scripts/PlayerBehaviour.cs using Guid(afceee71471ed67478d98bcc5eb158e7) Importer(815301076,1909f56bfc062723c751e8b465ee728b)  -> (artifact id: '9b43587344196fa8c94f5d31a35b2474') in 0.013529 seconds
  Import took 0.018209 seconds .

========================================================================
Received Prepare
Registering precompiled user dll's ...
Registered in 0.001732 seconds.
Begin MonoManager ReloadAssembly
Native extension for WindowsStandalone target not found
Native extension for WebGL target not found
Refreshing native plugins compatible for Editor in 0.68 ms, found 0 plugins.
Preloading 0 native plugins for Editor in 0.00 ms.
Invoked RoslynAnalysisRunner static constructor.
RoslynAnalysisRunner will not be running.
RoslynAnalysisRunner has terminated.
Mono: successfully reloaded assembly
- Completed reload, in  1.826 seconds
Platform modules already initialized, skipping
Refreshing native plugins compatible for Editor in 0.59 ms, found 0 plugins.
Preloading 0 native plugins for Editor in 0.00 ms.
Unloading 1165 Unused Serialized files (Serialized files now loaded: 0)
System memory in use before: 66.4 MB.
System memory in use after: 66.5 MB.

Unloading 4 unused Assets to reduce memory usage. Loaded Objects now: 1681.
Total: 3.248300 ms (FindLiveObjects: 0.327200 ms CreateObjectMapping: 0.059000 ms MarkObjects: 2.835900 ms  DeleteObjects: 0.023800 ms)

========================================================================
Received Import Request.
  Time since last request: 183.917419 seconds.
  path: Assets/_Scripts/PlayerBehaviour.cs
  artifactKey: Guid(afceee71471ed67478d98bcc5eb158e7) Importer(815301076,1909f56bfc062723c751e8b465ee728b)
Start importing Assets/_Scripts/PlayerBehaviour.cs using Guid(afceee71471ed67478d98bcc5eb158e7) Importer(815301076,1909f56bfc062723c751e8b465ee728b)  -> (artifact id: '30f8eab4e1c9cee145add7de1b5805af') in 0.014114 seconds
  Import took 0.017669 seconds .

========================================================================
Received Import Request.
  Time since last request: 51.120450 seconds.
  path: Assets/Textures/potion.jpg
  artifactKey: Guid(e48ade941c7e3d24481dc2c9cdf1f95b) Importer(815301076,1909f56bfc062723c751e8b465ee728b)
Start importing Assets/Textures/potion.jpg using Guid(e48ade941c7e3d24481dc2c9cdf1f95b) Importer(815301076,1909f56bfc062723c751e8b465ee728b)  -> (artifact id: 'ccc250f7598e1d5ce60931eeb6cbe094') in 0.173277 seconds
  Import took 0.177504 seconds .

========================================================================
Received Import Request.
  Time since last request: 0.067207 seconds.
  path: Assets/Textures/potion.jpg
  artifactKey: Guid(e48ade941c7e3d24481dc2c9cdf1f95b) Importer(815301076,1909f56bfc062723c751e8b465ee728b)
Start importing Assets/Textures/potion.jpg using Guid(e48ade941c7e3d24481dc2c9cdf1f95b) Importer(815301076,1909f56bfc062723c751e8b465ee728b)  -> (artifact id: 'ccc250f7598e1d5ce60931eeb6cbe094') in 0.059213 seconds
  Import took 0.064123 seconds .

========================================================================
Received Import Request.
  Time since last request: 4.930185 seconds.
  path: Assets/Textures/potion.jpg
  artifactKey: Guid(e48ade941c7e3d24481dc2c9cdf1f95b) Importer(815301076,1909f56bfc062723c751e8b465ee728b)
Start importing Assets/Textures/potion.jpg using Guid(e48ade941c7e3d24481dc2c9cdf1f95b) Importer(815301076,1909f56bfc062723c751e8b465ee728b)  -> (artifact id: '15003bad17bc95b0ceaa95b4e0dc16dd') in 0.089958 seconds
  Import took 0.095114 seconds .

========================================================================
Received Prepare
Registering precompiled user dll's ...
Registered in 0.001812 seconds.
Begin MonoManager ReloadAssembly
Native extension for WindowsStandalone target not found
Native extension for WebGL target not found
Refreshing native plugins compatible for Editor in 0.44 ms, found 0 plugins.
Preloading 0 native plugins for Editor in 0.00 ms.
Invoked RoslynAnalysisRunner static constructor.
RoslynAnalysisRunner will not be running.
RoslynAnalysisRunner has terminated.
Mono: successfully reloaded assembly
- Completed reload, in  1.616 seconds
Platform modules already initialized, skipping
Refreshing native plugins compatible for Editor in 0.37 ms, found 0 plugins.
Preloading 0 native plugins for Editor in 0.00 ms.
Unloading 1165 Unused Serialized files (Serialized files now loaded: 0)
System memory in use before: 66.0 MB.
System memory in use after: 66.1 MB.

Unloading 4 unused Assets to reduce memory usage. Loaded Objects now: 1684.
Total: 2.878600 ms (FindLiveObjects: 0.301000 ms CreateObjectMapping: 0.052800 ms MarkObjects: 2.500800 ms  DeleteObjects: 0.021200 ms)

========================================================================
Received Import Request.
  Time since last request: 103.597172 seconds.
  path: Assets/_Scripts/PlayerBehaviour.cs
  artifactKey: Guid(afceee71471ed67478d98bcc5eb158e7) Importer(815301076,1909f56bfc062723c751e8b465ee728b)
Start importing Assets/_Scripts/PlayerBehaviour.cs using Guid(afceee71471ed67478d98bcc5eb158e7) Importer(815301076,1909f56bfc062723c751e8b465ee728b)  -> (artifact id: '6d2bf540c7dfd576bb79730fd4175b5a') in 0.024265 seconds
  Import took 0.028122 seconds .

========================================================================
Received Prepare
Registering precompiled user dll's ...
Registered in 0.001869 seconds.
Begin MonoManager ReloadAssembly
Native extension for WindowsStandalone target not found
Native extension for WebGL target not found
Refreshing native plugins compatible for Editor in 0.56 ms, found 0 plugins.
Preloading 0 native plugins for Editor in 0.00 ms.
Invoked RoslynAnalysisRunner static constructor.
RoslynAnalysisRunner will not be running.
RoslynAnalysisRunner has terminated.
Mono: successfully reloaded assembly
- Completed reload, in  1.701 seconds
Platform modules already initialized, skipping
Refreshing native plugins compatible for Editor in 0.84 ms, found 0 plugins.
Preloading 0 native plugins for Editor in 0.00 ms.
Unloading 1165 Unused Serialized files (Serialized files now loaded: 0)
System memory in use before: 66.4 MB.
System memory in use after: 66.5 MB.

Unloading 4 unused Assets to reduce memory usage. Loaded Objects now: 1686.
Total: 3.292200 ms (FindLiveObjects: 0.388700 ms CreateObjectMapping: 0.052600 ms MarkObjects: 2.821200 ms  DeleteObjects: 0.026700 ms)

========================================================================
Received Prepare
Registering precompiled user dll's ...
Registered in 0.003334 seconds.
Begin MonoManager ReloadAssembly
Native extension for WindowsStandalone target not found
Native extension for WebGL target not found
Refreshing native plugins compatible for Editor in 1.17 ms, found 0 plugins.
Preloading 0 native plugins for Editor in 0.00 ms.
Invoked RoslynAnalysisRunner static constructor.
RoslynAnalysisRunner will not be running.
RoslynAnalysisRunner has terminated.
Mono: successfully reloaded assembly
- Completed reload, in  1.983 seconds
Platform modules already initialized, skipping
Refreshing native plugins compatible for Editor in 0.66 ms, found 0 plugins.
Preloading 0 native plugins for Editor in 0.00 ms.
Unloading 1165 Unused Serialized files (Serialized files now loaded: 0)
System memory in use before: 66.1 MB.
System memory in use after: 66.2 MB.

Unloading 4 unused Assets to reduce memory usage. Loaded Objects now: 1688.
Total: 2.832700 ms (FindLiveObjects: 0.327700 ms CreateObjectMapping: 0.046200 ms MarkObjects: 2.431800 ms  DeleteObjects: 0.024900 ms)

========================================================================
Received Prepare
Registering precompiled user dll's ...
Registered in 0.002040 seconds.
Begin MonoManager ReloadAssembly
Native extension for WindowsStandalone target not found
Native extension for WebGL target not found
Refreshing native plugins compatible for Editor in 0.63 ms, found 0 plugins.
Preloading 0 native plugins for Editor in 0.00 ms.
Invoked RoslynAnalysisRunner static constructor.
RoslynAnalysisRunner will not be running.
RoslynAnalysisRunner has terminated.
Mono: successfully reloaded assembly
- Completed reload, in  1.777 seconds
Platform modules already initialized, skipping
Refreshing native plugins compatible for Editor in 0.62 ms, found 0 plugins.
Preloading 0 native plugins for Editor in 0.00 ms.
Unloading 1165 Unused Serialized files (Serialized files now loaded: 0)
System memory in use before: 66.4 MB.
System memory in use after: 66.5 MB.

Unloading 4 unused Assets to reduce memory usage. Loaded Objects now: 1690.
Total: 2.995800 ms (FindLiveObjects: 0.319100 ms CreateObjectMapping: 0.054300 ms MarkObjects: 2.594000 ms  DeleteObjects: 0.026700 ms)

========================================================================
Received Prepare
Refreshing native plugins compatible for Editor in 3.93 ms, found 0 plugins.
Preloading 0 native plugins for Editor in 0.00 ms.
Unloading 5 Unused Serialized files (Serialized files now loaded: 0)
System memory in use before: 43.2 MB.
System memory in use after: 43.3 MB.

Unloading 2 unused Assets to reduce memory usage. Loaded Objects now: 1690.
Total: 2.734800 ms (FindLiveObjects: 0.232600 ms CreateObjectMapping: 0.035600 ms MarkObjects: 2.441800 ms  DeleteObjects: 0.022500 ms)

AssetImportWorkerClient::OnTransportError - code=2 error=End of file
